[5.522s] Invoking command in '/home/vijayvikasm/ros2_ws/src/my_py_pkg': DEBUGINFOD_URLS=https://debuginfod.ubuntu.com PYTHONPATH=/home/vijayvikasm/ros2_ws/build/my_py_pkg/prefix_override:/usr/lib/python3/dist-packages/colcon_core/task/python/colcon_distutils_commands:/home/vijayvikasm/ros2_ws/install/my_py_pkg/lib/python3.12/site-packages:${PYTHONPATH} /usr/bin/python3 -W ignore:setup.py install is deprecated setup.py egg_info --egg-base ../../build/my_py_pkg build --build-base /home/vijayvikasm/ros2_ws/build/my_py_pkg/build install --record /home/vijayvikasm/ros2_ws/build/my_py_pkg/install.log --single-version-externally-managed install_data
[6.118s] running egg_info
[6.165s] writing ../../build/my_py_pkg/my_py_pkg.egg-info/PKG-INFO
[6.165s] writing dependency_links to ../../build/my_py_pkg/my_py_pkg.egg-info/dependency_links.txt
[6.166s] writing entry points to ../../build/my_py_pkg/my_py_pkg.egg-info/entry_points.txt
[6.166s] writing requirements to ../../build/my_py_pkg/my_py_pkg.egg-info/requires.txt
[6.166s] writing top-level names to ../../build/my_py_pkg/my_py_pkg.egg-info/top_level.txt
[6.254s] reading manifest file '../../build/my_py_pkg/my_py_pkg.egg-info/SOURCES.txt'
[6.272s] writing manifest file '../../build/my_py_pkg/my_py_pkg.egg-info/SOURCES.txt'
[6.273s] running build
[6.273s] running build_py
[6.273s] copying my_py_pkg/my_first_node.py -> /home/vijayvikasm/ros2_ws/build/my_py_pkg/build/lib/my_py_pkg
[6.274s] running install
[6.286s] running install_lib
[6.328s] copying /home/vijayvikasm/ros2_ws/build/my_py_pkg/build/lib/my_py_pkg/my_first_node.py -> /home/vijayvikasm/ros2_ws/install/my_py_pkg/lib/python3.12/site-packages/my_py_pkg
[6.329s] byte-compiling /home/vijayvikasm/ros2_ws/install/my_py_pkg/lib/python3.12/site-packages/my_py_pkg/my_first_node.py to my_first_node.cpython-312.pyc
[6.330s] running install_data
[6.331s] running install_egg_info
[6.381s] removing '/home/vijayvikasm/ros2_ws/install/my_py_pkg/lib/python3.12/site-packages/my_py_pkg-0.0.0-py3.12.egg-info' (and everything under it)
[6.381s] Copying ../../build/my_py_pkg/my_py_pkg.egg-info to /home/vijayvikasm/ros2_ws/install/my_py_pkg/lib/python3.12/site-packages/my_py_pkg-0.0.0-py3.12.egg-info
[6.424s] running install_scripts
[6.734s] Installing py_node script to /home/vijayvikasm/ros2_ws/install/my_py_pkg/lib/my_py_pkg
[6.735s] writing list of installed files to '/home/vijayvikasm/ros2_ws/build/my_py_pkg/install.log'
[6.795s] Invoked command in '/home/vijayvikasm/ros2_ws/src/my_py_pkg' returned '0': DEBUGINFOD_URLS=https://debuginfod.ubuntu.com PYTHONPATH=/home/vijayvikasm/ros2_ws/build/my_py_pkg/prefix_override:/usr/lib/python3/dist-packages/colcon_core/task/python/colcon_distutils_commands:/home/vijayvikasm/ros2_ws/install/my_py_pkg/lib/python3.12/site-packages:${PYTHONPATH} /usr/bin/python3 -W ignore:setup.py install is deprecated setup.py egg_info --egg-base ../../build/my_py_pkg build --build-base /home/vijayvikasm/ros2_ws/build/my_py_pkg/build install --record /home/vijayvikasm/ros2_ws/build/my_py_pkg/install.log --single-version-externally-managed install_data
