[0.210s] DEBUG:colcon:Command line arguments: ['/usr/bin/colcon', 'build', '--packages-select', 'my_robot_interfaces', 'turtlesim_project_cpp']
[0.210s] DEBUG:colcon:Parsed command line arguments: Namespace(log_base=None, log_level=None, verb_name='build', build_base='build', install_base='install', merge_install=False, symlink_install=False, test_result_base=None, continue_on_error=False, executor='parallel', parallel_workers=4, event_handlers=None, ignore_user_meta=False, metas=['./colcon.meta'], base_paths=['.'], packages_ignore=None, packages_ignore_regex=None, paths=None, packages_up_to=None, packages_up_to_regex=None, packages_above=None, packages_above_and_dependencies=None, packages_above_depth=None, packages_select_by_dep=None, packages_skip_by_dep=None, packages_skip_up_to=None, packages_select_build_failed=False, packages_skip_build_finished=False, packages_select_test_failures=False, packages_skip_test_passed=False, packages_select=['my_robot_interfaces', 'turtlesim_project_cpp'], packages_skip=None, packages_select_regex=None, packages_skip_regex=None, packages_start=None, packages_end=None, allow_overriding=[], cmake_args=None, cmake_target=None, cmake_target_skip_unavailable=False, cmake_clean_cache=False, cmake_clean_first=False, cmake_force_configure=False, ament_cmake_args=None, catkin_cmake_args=None, catkin_skip_building_tests=False, verb_parser=<colcon_defaults.argument_parser.defaults.DefaultArgumentsDecorator object at 0x73894db13ad0>, verb_extension=<colcon_core.verb.build.BuildVerb object at 0x73894daf13d0>, main=<bound method BuildVerb.main of <colcon_core.verb.build.BuildVerb object at 0x73894daf13d0>>)
[0.284s] Level 1:colcon.colcon_core.package_discovery:discover_packages(colcon_meta) check parameters
[0.284s] Level 1:colcon.colcon_core.package_discovery:discover_packages(recursive) check parameters
[0.284s] Level 1:colcon.colcon_core.package_discovery:discover_packages(ignore) check parameters
[0.285s] Level 1:colcon.colcon_core.package_discovery:discover_packages(path) check parameters
[0.285s] Level 1:colcon.colcon_core.package_discovery:discover_packages(colcon_meta) discover
[0.285s] Level 1:colcon.colcon_core.package_discovery:discover_packages(recursive) discover
[0.285s] INFO:colcon.colcon_core.package_discovery:Crawling recursively for packages in '/home/vijayvikasm/ros2_ws'
[0.285s] Level 1:colcon.colcon_core.package_identification:_identify(.) by extensions ['ignore', 'ignore_ament_install']
[0.286s] Level 1:colcon.colcon_core.package_identification:_identify(.) by extension 'ignore'
[0.286s] Level 1:colcon.colcon_core.package_identification:_identify(.) by extension 'ignore_ament_install'
[0.286s] Level 1:colcon.colcon_core.package_identification:_identify(.) by extensions ['colcon_pkg']
[0.286s] Level 1:colcon.colcon_core.package_identification:_identify(.) by extension 'colcon_pkg'
[0.286s] Level 1:colcon.colcon_core.package_identification:_identify(.) by extensions ['colcon_meta']
[0.287s] Level 1:colcon.colcon_core.package_identification:_identify(.) by extension 'colcon_meta'
[0.287s] Level 1:colcon.colcon_core.package_identification:_identify(.) by extensions ['ros']
[0.287s] Level 1:colcon.colcon_core.package_identification:_identify(.) by extension 'ros'
[0.338s] Level 1:colcon.colcon_core.package_identification:_identify(.) by extensions ['cmake', 'python']
[0.338s] Level 1:colcon.colcon_core.package_identification:_identify(.) by extension 'cmake'
[0.338s] Level 1:colcon.colcon_core.package_identification:_identify(.) by extension 'python'
[0.338s] Level 1:colcon.colcon_core.package_identification:_identify(.) by extensions ['python_setup_py']
[0.338s] Level 1:colcon.colcon_core.package_identification:_identify(.) by extension 'python_setup_py'
[0.339s] Level 1:colcon.colcon_core.package_identification:_identify(build) by extensions ['ignore', 'ignore_ament_install']
[0.339s] Level 1:colcon.colcon_core.package_identification:_identify(build) by extension 'ignore'
[0.339s] Level 1:colcon.colcon_core.package_identification:_identify(build) ignored
[0.339s] Level 1:colcon.colcon_core.package_identification:_identify(install) by extensions ['ignore', 'ignore_ament_install']
[0.339s] Level 1:colcon.colcon_core.package_identification:_identify(install) by extension 'ignore'
[0.340s] Level 1:colcon.colcon_core.package_identification:_identify(install) ignored
[0.340s] Level 1:colcon.colcon_core.package_identification:_identify(log) by extensions ['ignore', 'ignore_ament_install']
[0.340s] Level 1:colcon.colcon_core.package_identification:_identify(log) by extension 'ignore'
[0.340s] Level 1:colcon.colcon_core.package_identification:_identify(log) ignored
[0.340s] Level 1:colcon.colcon_core.package_identification:_identify(src) by extensions ['ignore', 'ignore_ament_install']
[0.340s] Level 1:colcon.colcon_core.package_identification:_identify(src) by extension 'ignore'
[0.340s] Level 1:colcon.colcon_core.package_identification:_identify(src) by extension 'ignore_ament_install'
[0.341s] Level 1:colcon.colcon_core.package_identification:_identify(src) by extensions ['colcon_pkg']
[0.341s] Level 1:colcon.colcon_core.package_identification:_identify(src) by extension 'colcon_pkg'
[0.341s] Level 1:colcon.colcon_core.package_identification:_identify(src) by extensions ['colcon_meta']
[0.341s] Level 1:colcon.colcon_core.package_identification:_identify(src) by extension 'colcon_meta'
[0.341s] Level 1:colcon.colcon_core.package_identification:_identify(src) by extensions ['ros']
[0.341s] Level 1:colcon.colcon_core.package_identification:_identify(src) by extension 'ros'
[0.341s] Level 1:colcon.colcon_core.package_identification:_identify(src) by extensions ['cmake', 'python']
[0.341s] Level 1:colcon.colcon_core.package_identification:_identify(src) by extension 'cmake'
[0.341s] Level 1:colcon.colcon_core.package_identification:_identify(src) by extension 'python'
[0.341s] Level 1:colcon.colcon_core.package_identification:_identify(src) by extensions ['python_setup_py']
[0.341s] Level 1:colcon.colcon_core.package_identification:_identify(src) by extension 'python_setup_py'
[0.342s] Level 1:colcon.colcon_core.package_identification:_identify(src/my_cpp_pkg) by extensions ['ignore', 'ignore_ament_install']
[0.342s] Level 1:colcon.colcon_core.package_identification:_identify(src/my_cpp_pkg) by extension 'ignore'
[0.342s] Level 1:colcon.colcon_core.package_identification:_identify(src/my_cpp_pkg) by extension 'ignore_ament_install'
[0.342s] Level 1:colcon.colcon_core.package_identification:_identify(src/my_cpp_pkg) by extensions ['colcon_pkg']
[0.342s] Level 1:colcon.colcon_core.package_identification:_identify(src/my_cpp_pkg) by extension 'colcon_pkg'
[0.342s] Level 1:colcon.colcon_core.package_identification:_identify(src/my_cpp_pkg) by extensions ['colcon_meta']
[0.342s] Level 1:colcon.colcon_core.package_identification:_identify(src/my_cpp_pkg) by extension 'colcon_meta'
[0.342s] Level 1:colcon.colcon_core.package_identification:_identify(src/my_cpp_pkg) by extensions ['ros']
[0.342s] Level 1:colcon.colcon_core.package_identification:_identify(src/my_cpp_pkg) by extension 'ros'
[0.347s] DEBUG:colcon.colcon_core.package_identification:Package 'src/my_cpp_pkg' with type 'ros.ament_cmake' and name 'my_cpp_pkg'
[0.347s] Level 1:colcon.colcon_core.package_identification:_identify(src/my_py_pkg) by extensions ['ignore', 'ignore_ament_install']
[0.347s] Level 1:colcon.colcon_core.package_identification:_identify(src/my_py_pkg) by extension 'ignore'
[0.347s] Level 1:colcon.colcon_core.package_identification:_identify(src/my_py_pkg) by extension 'ignore_ament_install'
[0.348s] Level 1:colcon.colcon_core.package_identification:_identify(src/my_py_pkg) by extensions ['colcon_pkg']
[0.348s] Level 1:colcon.colcon_core.package_identification:_identify(src/my_py_pkg) by extension 'colcon_pkg'
[0.348s] Level 1:colcon.colcon_core.package_identification:_identify(src/my_py_pkg) by extensions ['colcon_meta']
[0.348s] Level 1:colcon.colcon_core.package_identification:_identify(src/my_py_pkg) by extension 'colcon_meta'
[0.348s] Level 1:colcon.colcon_core.package_identification:_identify(src/my_py_pkg) by extensions ['ros']
[0.348s] Level 1:colcon.colcon_core.package_identification:_identify(src/my_py_pkg) by extension 'ros'
[0.349s] DEBUG:colcon.colcon_core.package_identification:Package 'src/my_py_pkg' with type 'ros.ament_python' and name 'my_py_pkg'
[0.349s] Level 1:colcon.colcon_core.package_identification:_identify(src/my_robot_bringup) by extensions ['ignore', 'ignore_ament_install']
[0.350s] Level 1:colcon.colcon_core.package_identification:_identify(src/my_robot_bringup) by extension 'ignore'
[0.350s] Level 1:colcon.colcon_core.package_identification:_identify(src/my_robot_bringup) by extension 'ignore_ament_install'
[0.350s] Level 1:colcon.colcon_core.package_identification:_identify(src/my_robot_bringup) by extensions ['colcon_pkg']
[0.350s] Level 1:colcon.colcon_core.package_identification:_identify(src/my_robot_bringup) by extension 'colcon_pkg'
[0.350s] Level 1:colcon.colcon_core.package_identification:_identify(src/my_robot_bringup) by extensions ['colcon_meta']
[0.350s] Level 1:colcon.colcon_core.package_identification:_identify(src/my_robot_bringup) by extension 'colcon_meta'
[0.350s] Level 1:colcon.colcon_core.package_identification:_identify(src/my_robot_bringup) by extensions ['ros']
[0.350s] Level 1:colcon.colcon_core.package_identification:_identify(src/my_robot_bringup) by extension 'ros'
[0.351s] DEBUG:colcon.colcon_core.package_identification:Package 'src/my_robot_bringup' with type 'ros.ament_cmake' and name 'my_robot_bringup'
[0.351s] Level 1:colcon.colcon_core.package_identification:_identify(src/my_robot_interfaces) by extensions ['ignore', 'ignore_ament_install']
[0.352s] Level 1:colcon.colcon_core.package_identification:_identify(src/my_robot_interfaces) by extension 'ignore'
[0.352s] Level 1:colcon.colcon_core.package_identification:_identify(src/my_robot_interfaces) by extension 'ignore_ament_install'
[0.352s] Level 1:colcon.colcon_core.package_identification:_identify(src/my_robot_interfaces) by extensions ['colcon_pkg']
[0.352s] Level 1:colcon.colcon_core.package_identification:_identify(src/my_robot_interfaces) by extension 'colcon_pkg'
[0.352s] Level 1:colcon.colcon_core.package_identification:_identify(src/my_robot_interfaces) by extensions ['colcon_meta']
[0.352s] Level 1:colcon.colcon_core.package_identification:_identify(src/my_robot_interfaces) by extension 'colcon_meta'
[0.352s] Level 1:colcon.colcon_core.package_identification:_identify(src/my_robot_interfaces) by extensions ['ros']
[0.352s] Level 1:colcon.colcon_core.package_identification:_identify(src/my_robot_interfaces) by extension 'ros'
[0.355s] DEBUG:colcon.colcon_core.package_identification:Package 'src/my_robot_interfaces' with type 'ros.ament_cmake' and name 'my_robot_interfaces'
[0.355s] Level 1:colcon.colcon_core.package_identification:_identify(src/turtlesim_catch_them_all) by extensions ['ignore', 'ignore_ament_install']
[0.355s] Level 1:colcon.colcon_core.package_identification:_identify(src/turtlesim_catch_them_all) by extension 'ignore'
[0.355s] Level 1:colcon.colcon_core.package_identification:_identify(src/turtlesim_catch_them_all) by extension 'ignore_ament_install'
[0.355s] Level 1:colcon.colcon_core.package_identification:_identify(src/turtlesim_catch_them_all) by extensions ['colcon_pkg']
[0.355s] Level 1:colcon.colcon_core.package_identification:_identify(src/turtlesim_catch_them_all) by extension 'colcon_pkg'
[0.356s] Level 1:colcon.colcon_core.package_identification:_identify(src/turtlesim_catch_them_all) by extensions ['colcon_meta']
[0.356s] Level 1:colcon.colcon_core.package_identification:_identify(src/turtlesim_catch_them_all) by extension 'colcon_meta'
[0.356s] Level 1:colcon.colcon_core.package_identification:_identify(src/turtlesim_catch_them_all) by extensions ['ros']
[0.356s] Level 1:colcon.colcon_core.package_identification:_identify(src/turtlesim_catch_them_all) by extension 'ros'
[0.357s] DEBUG:colcon.colcon_core.package_identification:Package 'src/turtlesim_catch_them_all' with type 'ros.ament_python' and name 'turtlesim_catch_them_all'
[0.357s] Level 1:colcon.colcon_core.package_identification:_identify(src/turtlesim_project_cpp) by extensions ['ignore', 'ignore_ament_install']
[0.357s] Level 1:colcon.colcon_core.package_identification:_identify(src/turtlesim_project_cpp) by extension 'ignore'
[0.358s] Level 1:colcon.colcon_core.package_identification:_identify(src/turtlesim_project_cpp) by extension 'ignore_ament_install'
[0.358s] Level 1:colcon.colcon_core.package_identification:_identify(src/turtlesim_project_cpp) by extensions ['colcon_pkg']
[0.358s] Level 1:colcon.colcon_core.package_identification:_identify(src/turtlesim_project_cpp) by extension 'colcon_pkg'
[0.358s] Level 1:colcon.colcon_core.package_identification:_identify(src/turtlesim_project_cpp) by extensions ['colcon_meta']
[0.358s] Level 1:colcon.colcon_core.package_identification:_identify(src/turtlesim_project_cpp) by extension 'colcon_meta'
[0.358s] Level 1:colcon.colcon_core.package_identification:_identify(src/turtlesim_project_cpp) by extensions ['ros']
[0.358s] Level 1:colcon.colcon_core.package_identification:_identify(src/turtlesim_project_cpp) by extension 'ros'
[0.359s] DEBUG:colcon.colcon_core.package_identification:Package 'src/turtlesim_project_cpp' with type 'ros.ament_cmake' and name 'turtlesim_project_cpp'
[0.359s] Level 1:colcon.colcon_core.package_discovery:discover_packages(recursive) using defaults
[0.359s] Level 1:colcon.colcon_core.package_discovery:discover_packages(ignore) discover
[0.359s] Level 1:colcon.colcon_core.package_discovery:discover_packages(ignore) using defaults
[0.360s] Level 1:colcon.colcon_core.package_discovery:discover_packages(path) discover
[0.360s] Level 1:colcon.colcon_core.package_discovery:discover_packages(path) using defaults
[0.395s] INFO:colcon.colcon_core.package_selection:Skipping not selected package 'my_cpp_pkg' in 'src/my_cpp_pkg'
[0.395s] INFO:colcon.colcon_core.package_selection:Skipping not selected package 'my_py_pkg' in 'src/my_py_pkg'
[0.395s] INFO:colcon.colcon_core.package_selection:Skipping not selected package 'turtlesim_catch_them_all' in 'src/turtlesim_catch_them_all'
[0.395s] INFO:colcon.colcon_core.package_selection:Skipping not selected package 'my_robot_bringup' in 'src/my_robot_bringup'
[0.396s] Level 1:colcon.colcon_core.package_discovery:discover_packages(prefix_path) check parameters
[0.396s] Level 1:colcon.colcon_core.package_discovery:discover_packages(prefix_path) discover
[0.399s] DEBUG:colcon.colcon_installed_package_information.package_discovery:Found 4 installed packages in /home/vijayvikasm/ros2_ws/install
[0.402s] DEBUG:colcon.colcon_installed_package_information.package_discovery:Found 285 installed packages in /opt/ros/jazzy
[0.404s] Level 1:colcon.colcon_core.package_discovery:discover_packages(prefix_path) using defaults
[0.495s] Level 5:colcon.colcon_core.verb:set package 'my_robot_interfaces' build argument 'cmake_args' from command line to 'None'
[0.495s] Level 5:colcon.colcon_core.verb:set package 'my_robot_interfaces' build argument 'cmake_target' from command line to 'None'
[0.495s] Level 5:colcon.colcon_core.verb:set package 'my_robot_interfaces' build argument 'cmake_target_skip_unavailable' from command line to 'False'
[0.495s] Level 5:colcon.colcon_core.verb:set package 'my_robot_interfaces' build argument 'cmake_clean_cache' from command line to 'False'
[0.496s] Level 5:colcon.colcon_core.verb:set package 'my_robot_interfaces' build argument 'cmake_clean_first' from command line to 'False'
[0.496s] Level 5:colcon.colcon_core.verb:set package 'my_robot_interfaces' build argument 'cmake_force_configure' from command line to 'False'
[0.496s] Level 5:colcon.colcon_core.verb:set package 'my_robot_interfaces' build argument 'ament_cmake_args' from command line to 'None'
[0.496s] Level 5:colcon.colcon_core.verb:set package 'my_robot_interfaces' build argument 'catkin_cmake_args' from command line to 'None'
[0.496s] Level 5:colcon.colcon_core.verb:set package 'my_robot_interfaces' build argument 'catkin_skip_building_tests' from command line to 'False'
[0.496s] DEBUG:colcon.colcon_core.verb:Building package 'my_robot_interfaces' with the following arguments: {'ament_cmake_args': None, 'build_base': '/home/vijayvikasm/ros2_ws/build/my_robot_interfaces', 'catkin_cmake_args': None, 'catkin_skip_building_tests': False, 'cmake_args': None, 'cmake_clean_cache': False, 'cmake_clean_first': False, 'cmake_force_configure': False, 'cmake_target': None, 'cmake_target_skip_unavailable': False, 'install_base': '/home/vijayvikasm/ros2_ws/install/my_robot_interfaces', 'merge_install': False, 'path': '/home/vijayvikasm/ros2_ws/src/my_robot_interfaces', 'symlink_install': False, 'test_result_base': None}
[0.497s] Level 5:colcon.colcon_core.verb:set package 'turtlesim_project_cpp' build argument 'cmake_args' from command line to 'None'
[0.497s] Level 5:colcon.colcon_core.verb:set package 'turtlesim_project_cpp' build argument 'cmake_target' from command line to 'None'
[0.497s] Level 5:colcon.colcon_core.verb:set package 'turtlesim_project_cpp' build argument 'cmake_target_skip_unavailable' from command line to 'False'
[0.497s] Level 5:colcon.colcon_core.verb:set package 'turtlesim_project_cpp' build argument 'cmake_clean_cache' from command line to 'False'
[0.497s] Level 5:colcon.colcon_core.verb:set package 'turtlesim_project_cpp' build argument 'cmake_clean_first' from command line to 'False'
[0.497s] Level 5:colcon.colcon_core.verb:set package 'turtlesim_project_cpp' build argument 'cmake_force_configure' from command line to 'False'
[0.497s] Level 5:colcon.colcon_core.verb:set package 'turtlesim_project_cpp' build argument 'ament_cmake_args' from command line to 'None'
[0.497s] Level 5:colcon.colcon_core.verb:set package 'turtlesim_project_cpp' build argument 'catkin_cmake_args' from command line to 'None'
[0.497s] Level 5:colcon.colcon_core.verb:set package 'turtlesim_project_cpp' build argument 'catkin_skip_building_tests' from command line to 'False'
[0.497s] DEBUG:colcon.colcon_core.verb:Building package 'turtlesim_project_cpp' with the following arguments: {'ament_cmake_args': None, 'build_base': '/home/vijayvikasm/ros2_ws/build/turtlesim_project_cpp', 'catkin_cmake_args': None, 'catkin_skip_building_tests': False, 'cmake_args': None, 'cmake_clean_cache': False, 'cmake_clean_first': False, 'cmake_force_configure': False, 'cmake_target': None, 'cmake_target_skip_unavailable': False, 'install_base': '/home/vijayvikasm/ros2_ws/install/turtlesim_project_cpp', 'merge_install': False, 'path': '/home/vijayvikasm/ros2_ws/src/turtlesim_project_cpp', 'symlink_install': False, 'test_result_base': None}
[0.498s] INFO:colcon.colcon_core.executor:Executing jobs using 'parallel' executor
[0.499s] DEBUG:colcon.colcon_parallel_executor.executor.parallel:run_until_complete
[0.500s] INFO:colcon.colcon_ros.task.ament_cmake.build:Building ROS package in '/home/vijayvikasm/ros2_ws/src/my_robot_interfaces' with build type 'ament_cmake'
[0.500s] INFO:colcon.colcon_cmake.task.cmake.build:Building CMake package in '/home/vijayvikasm/ros2_ws/src/my_robot_interfaces'
[0.505s] INFO:colcon.colcon_core.plugin_system:Skipping extension 'colcon_core.shell.bat': Not used on non-Windows systems
[0.506s] INFO:colcon.colcon_core.shell:Skip shell extension 'powershell' for command environment: Not usable outside of PowerShell
[0.507s] DEBUG:colcon.colcon_core.shell:Skip shell extension 'dsv' for command environment
[0.543s] DEBUG:colcon.colcon_core.event_handler.log_command:Invoking command in '/home/vijayvikasm/ros2_ws/build/my_robot_interfaces': CMAKE_PREFIX_PATH=${CMAKE_PREFIX_PATH}:/home/vijayvikasm/ros2_ws/install/turtlesim_catch_them_all:/home/vijayvikasm/ros2_ws/install/my_py_pkg:/opt/ros/jazzy DEBUGINFOD_URLS=https://debuginfod.ubuntu.com /usr/bin/cmake /home/vijayvikasm/ros2_ws/src/my_robot_interfaces -DCMAKE_INSTALL_PREFIX=/home/vijayvikasm/ros2_ws/install/my_robot_interfaces
[12.481s] DEBUG:colcon.colcon_core.event_handler.log_command:Invoked command in '/home/vijayvikasm/ros2_ws/build/my_robot_interfaces' returned '0': CMAKE_PREFIX_PATH=${CMAKE_PREFIX_PATH}:/home/vijayvikasm/ros2_ws/install/turtlesim_catch_them_all:/home/vijayvikasm/ros2_ws/install/my_py_pkg:/opt/ros/jazzy DEBUGINFOD_URLS=https://debuginfod.ubuntu.com /usr/bin/cmake /home/vijayvikasm/ros2_ws/src/my_robot_interfaces -DCMAKE_INSTALL_PREFIX=/home/vijayvikasm/ros2_ws/install/my_robot_interfaces
[12.484s] DEBUG:colcon.colcon_core.event_handler.log_command:Invoking command in '/home/vijayvikasm/ros2_ws/build/my_robot_interfaces': CMAKE_PREFIX_PATH=${CMAKE_PREFIX_PATH}:/home/vijayvikasm/ros2_ws/install/turtlesim_catch_them_all:/home/vijayvikasm/ros2_ws/install/my_py_pkg:/opt/ros/jazzy DEBUGINFOD_URLS=https://debuginfod.ubuntu.com /usr/bin/cmake --build /home/vijayvikasm/ros2_ws/build/my_robot_interfaces -- -j4 -l4
[40.239s] DEBUG:colcon.colcon_core.event_handler.log_command:Invoked command in '/home/vijayvikasm/ros2_ws/build/my_robot_interfaces' returned '0': CMAKE_PREFIX_PATH=${CMAKE_PREFIX_PATH}:/home/vijayvikasm/ros2_ws/install/turtlesim_catch_them_all:/home/vijayvikasm/ros2_ws/install/my_py_pkg:/opt/ros/jazzy DEBUGINFOD_URLS=https://debuginfod.ubuntu.com /usr/bin/cmake --build /home/vijayvikasm/ros2_ws/build/my_robot_interfaces -- -j4 -l4
[40.612s] DEBUG:colcon.colcon_core.event_handler.log_command:Invoking command in '/home/vijayvikasm/ros2_ws/build/my_robot_interfaces': CMAKE_PREFIX_PATH=${CMAKE_PREFIX_PATH}:/home/vijayvikasm/ros2_ws/install/turtlesim_catch_them_all:/home/vijayvikasm/ros2_ws/install/my_py_pkg:/opt/ros/jazzy DEBUGINFOD_URLS=https://debuginfod.ubuntu.com /usr/bin/cmake --install /home/vijayvikasm/ros2_ws/build/my_robot_interfaces
[40.942s] Level 1:colcon.colcon_core.environment:create_environment_scripts_only(my_robot_interfaces)
[40.947s] DEBUG:colcon.colcon_core.event_handler.log_command:Invoked command in '/home/vijayvikasm/ros2_ws/build/my_robot_interfaces' returned '0': CMAKE_PREFIX_PATH=${CMAKE_PREFIX_PATH}:/home/vijayvikasm/ros2_ws/install/turtlesim_catch_them_all:/home/vijayvikasm/ros2_ws/install/my_py_pkg:/opt/ros/jazzy DEBUGINFOD_URLS=https://debuginfod.ubuntu.com /usr/bin/cmake --install /home/vijayvikasm/ros2_ws/build/my_robot_interfaces
[40.959s] Level 1:colcon.colcon_core.environment:checking '/home/vijayvikasm/ros2_ws/install/my_robot_interfaces' for CMake module files
[40.965s] Level 1:colcon.colcon_core.environment:checking '/home/vijayvikasm/ros2_ws/install/my_robot_interfaces' for CMake config files
[40.966s] Level 1:colcon.colcon_core.shell:create_environment_hook('my_robot_interfaces', 'cmake_prefix_path')
[40.966s] INFO:colcon.colcon_core.shell:Creating environment hook '/home/vijayvikasm/ros2_ws/install/my_robot_interfaces/share/my_robot_interfaces/hook/cmake_prefix_path.ps1'
[40.968s] INFO:colcon.colcon_core.shell:Creating environment descriptor '/home/vijayvikasm/ros2_ws/install/my_robot_interfaces/share/my_robot_interfaces/hook/cmake_prefix_path.dsv'
[40.969s] INFO:colcon.colcon_core.shell:Creating environment hook '/home/vijayvikasm/ros2_ws/install/my_robot_interfaces/share/my_robot_interfaces/hook/cmake_prefix_path.sh'
[40.972s] Level 1:colcon.colcon_core.environment:checking '/home/vijayvikasm/ros2_ws/install/my_robot_interfaces/lib'
[40.972s] Level 1:colcon.colcon_core.shell:create_environment_hook('my_robot_interfaces', 'ld_library_path_lib')
[40.973s] INFO:colcon.colcon_core.shell:Creating environment hook '/home/vijayvikasm/ros2_ws/install/my_robot_interfaces/share/my_robot_interfaces/hook/ld_library_path_lib.ps1'
[40.975s] INFO:colcon.colcon_core.shell:Creating environment descriptor '/home/vijayvikasm/ros2_ws/install/my_robot_interfaces/share/my_robot_interfaces/hook/ld_library_path_lib.dsv'
[40.976s] INFO:colcon.colcon_core.shell:Creating environment hook '/home/vijayvikasm/ros2_ws/install/my_robot_interfaces/share/my_robot_interfaces/hook/ld_library_path_lib.sh'
[40.978s] Level 1:colcon.colcon_core.environment:checking '/home/vijayvikasm/ros2_ws/install/my_robot_interfaces/bin'
[40.978s] Level 1:colcon.colcon_core.environment:checking '/home/vijayvikasm/ros2_ws/install/my_robot_interfaces/lib/pkgconfig/my_robot_interfaces.pc'
[40.980s] Level 1:colcon.colcon_core.environment:checking '/home/vijayvikasm/ros2_ws/install/my_robot_interfaces/lib/python3.12/site-packages'
[40.980s] Level 1:colcon.colcon_core.shell:create_environment_hook('my_robot_interfaces', 'pythonpath')
[40.981s] INFO:colcon.colcon_core.shell:Creating environment hook '/home/vijayvikasm/ros2_ws/install/my_robot_interfaces/share/my_robot_interfaces/hook/pythonpath.ps1'
[40.983s] INFO:colcon.colcon_core.shell:Creating environment descriptor '/home/vijayvikasm/ros2_ws/install/my_robot_interfaces/share/my_robot_interfaces/hook/pythonpath.dsv'
[40.984s] INFO:colcon.colcon_core.shell:Creating environment hook '/home/vijayvikasm/ros2_ws/install/my_robot_interfaces/share/my_robot_interfaces/hook/pythonpath.sh'
[40.987s] Level 1:colcon.colcon_core.environment:checking '/home/vijayvikasm/ros2_ws/install/my_robot_interfaces/bin'
[40.988s] INFO:colcon.colcon_core.shell:Creating package script '/home/vijayvikasm/ros2_ws/install/my_robot_interfaces/share/my_robot_interfaces/package.ps1'
[40.993s] INFO:colcon.colcon_core.shell:Creating package descriptor '/home/vijayvikasm/ros2_ws/install/my_robot_interfaces/share/my_robot_interfaces/package.dsv'
[40.995s] INFO:colcon.colcon_core.shell:Creating package script '/home/vijayvikasm/ros2_ws/install/my_robot_interfaces/share/my_robot_interfaces/package.sh'
[40.998s] INFO:colcon.colcon_core.shell:Creating package script '/home/vijayvikasm/ros2_ws/install/my_robot_interfaces/share/my_robot_interfaces/package.bash'
[41.000s] INFO:colcon.colcon_core.shell:Creating package script '/home/vijayvikasm/ros2_ws/install/my_robot_interfaces/share/my_robot_interfaces/package.zsh'
[41.002s] Level 1:colcon.colcon_core.environment:create_file_with_runtime_dependencies(/home/vijayvikasm/ros2_ws/install/my_robot_interfaces/share/colcon-core/packages/my_robot_interfaces)
[41.522s] Level 1:colcon.colcon_core.environment:create_environment_scripts_only(my_robot_interfaces)
[41.523s] Level 1:colcon.colcon_core.environment:checking '/home/vijayvikasm/ros2_ws/install/my_robot_interfaces' for CMake module files
[41.525s] Level 1:colcon.colcon_core.environment:checking '/home/vijayvikasm/ros2_ws/install/my_robot_interfaces' for CMake config files
[41.525s] Level 1:colcon.colcon_core.shell:create_environment_hook('my_robot_interfaces', 'cmake_prefix_path')
[41.526s] INFO:colcon.colcon_core.shell:Creating environment hook '/home/vijayvikasm/ros2_ws/install/my_robot_interfaces/share/my_robot_interfaces/hook/cmake_prefix_path.ps1'
[41.526s] INFO:colcon.colcon_core.shell:Creating environment descriptor '/home/vijayvikasm/ros2_ws/install/my_robot_interfaces/share/my_robot_interfaces/hook/cmake_prefix_path.dsv'
[41.527s] INFO:colcon.colcon_core.shell:Creating environment hook '/home/vijayvikasm/ros2_ws/install/my_robot_interfaces/share/my_robot_interfaces/hook/cmake_prefix_path.sh'
[41.528s] Level 1:colcon.colcon_core.environment:checking '/home/vijayvikasm/ros2_ws/install/my_robot_interfaces/lib'
[41.528s] Level 1:colcon.colcon_core.shell:create_environment_hook('my_robot_interfaces', 'ld_library_path_lib')
[41.529s] INFO:colcon.colcon_core.shell:Creating environment hook '/home/vijayvikasm/ros2_ws/install/my_robot_interfaces/share/my_robot_interfaces/hook/ld_library_path_lib.ps1'
[41.529s] INFO:colcon.colcon_core.shell:Creating environment descriptor '/home/vijayvikasm/ros2_ws/install/my_robot_interfaces/share/my_robot_interfaces/hook/ld_library_path_lib.dsv'
[41.531s] INFO:colcon.colcon_core.shell:Creating environment hook '/home/vijayvikasm/ros2_ws/install/my_robot_interfaces/share/my_robot_interfaces/hook/ld_library_path_lib.sh'
[41.532s] Level 1:colcon.colcon_core.environment:checking '/home/vijayvikasm/ros2_ws/install/my_robot_interfaces/bin'
[41.532s] Level 1:colcon.colcon_core.environment:checking '/home/vijayvikasm/ros2_ws/install/my_robot_interfaces/lib/pkgconfig/my_robot_interfaces.pc'
[41.533s] Level 1:colcon.colcon_core.environment:checking '/home/vijayvikasm/ros2_ws/install/my_robot_interfaces/lib/python3.12/site-packages'
[41.533s] Level 1:colcon.colcon_core.shell:create_environment_hook('my_robot_interfaces', 'pythonpath')
[41.534s] INFO:colcon.colcon_core.shell:Creating environment hook '/home/vijayvikasm/ros2_ws/install/my_robot_interfaces/share/my_robot_interfaces/hook/pythonpath.ps1'
[41.535s] INFO:colcon.colcon_core.shell:Creating environment descriptor '/home/vijayvikasm/ros2_ws/install/my_robot_interfaces/share/my_robot_interfaces/hook/pythonpath.dsv'
[41.536s] INFO:colcon.colcon_core.shell:Creating environment hook '/home/vijayvikasm/ros2_ws/install/my_robot_interfaces/share/my_robot_interfaces/hook/pythonpath.sh'
[41.538s] Level 1:colcon.colcon_core.environment:checking '/home/vijayvikasm/ros2_ws/install/my_robot_interfaces/bin'
[41.539s] INFO:colcon.colcon_core.shell:Creating package script '/home/vijayvikasm/ros2_ws/install/my_robot_interfaces/share/my_robot_interfaces/package.ps1'
[41.540s] INFO:colcon.colcon_core.shell:Creating package descriptor '/home/vijayvikasm/ros2_ws/install/my_robot_interfaces/share/my_robot_interfaces/package.dsv'
[41.542s] INFO:colcon.colcon_core.shell:Creating package script '/home/vijayvikasm/ros2_ws/install/my_robot_interfaces/share/my_robot_interfaces/package.sh'
[41.542s] INFO:colcon.colcon_core.shell:Creating package script '/home/vijayvikasm/ros2_ws/install/my_robot_interfaces/share/my_robot_interfaces/package.bash'
[41.543s] INFO:colcon.colcon_core.shell:Creating package script '/home/vijayvikasm/ros2_ws/install/my_robot_interfaces/share/my_robot_interfaces/package.zsh'
[41.544s] Level 1:colcon.colcon_core.environment:create_file_with_runtime_dependencies(/home/vijayvikasm/ros2_ws/install/my_robot_interfaces/share/colcon-core/packages/my_robot_interfaces)
[41.545s] INFO:colcon.colcon_ros.task.ament_cmake.build:Building ROS package in '/home/vijayvikasm/ros2_ws/src/turtlesim_project_cpp' with build type 'ament_cmake'
[41.547s] INFO:colcon.colcon_cmake.task.cmake.build:Building CMake package in '/home/vijayvikasm/ros2_ws/src/turtlesim_project_cpp'
[41.548s] INFO:colcon.colcon_core.shell:Skip shell extension 'powershell' for command environment: Not usable outside of PowerShell
[41.549s] DEBUG:colcon.colcon_core.shell:Skip shell extension 'dsv' for command environment
[41.572s] DEBUG:colcon.colcon_core.event_handler.log_command:Invoking command in '/home/vijayvikasm/ros2_ws/build/turtlesim_project_cpp': AMENT_PREFIX_PATH=/home/vijayvikasm/ros2_ws/install/my_robot_interfaces:${AMENT_PREFIX_PATH} CMAKE_PREFIX_PATH=/home/vijayvikasm/ros2_ws/install/my_robot_interfaces:/home/vijayvikasm/ros2_ws/install/my_cpp_pkg:/opt/ros/jazzy/opt/gz_math_vendor:/opt/ros/jazzy/opt/gz_utils_vendor:/opt/ros/jazzy/opt/gz_cmake_vendor:/home/vijayvikasm/ros2_ws/install/turtlesim_catch_them_all:/home/vijayvikasm/ros2_ws/install/my_py_pkg:/opt/ros/jazzy DEBUGINFOD_URLS=https://debuginfod.ubuntu.com LD_LIBRARY_PATH=/home/vijayvikasm/ros2_ws/install/my_robot_interfaces/lib:${LD_LIBRARY_PATH} PYTHONPATH=/home/vijayvikasm/ros2_ws/install/my_robot_interfaces/lib/python3.12/site-packages:${PYTHONPATH} /usr/bin/cmake /home/vijayvikasm/ros2_ws/src/turtlesim_project_cpp -DCMAKE_INSTALL_PREFIX=/home/vijayvikasm/ros2_ws/install/turtlesim_project_cpp
[45.291s] DEBUG:colcon.colcon_core.event_handler.log_command:Invoked command in '/home/vijayvikasm/ros2_ws/build/turtlesim_project_cpp' returned '0': AMENT_PREFIX_PATH=/home/vijayvikasm/ros2_ws/install/my_robot_interfaces:${AMENT_PREFIX_PATH} CMAKE_PREFIX_PATH=/home/vijayvikasm/ros2_ws/install/my_robot_interfaces:/home/vijayvikasm/ros2_ws/install/my_cpp_pkg:/opt/ros/jazzy/opt/gz_math_vendor:/opt/ros/jazzy/opt/gz_utils_vendor:/opt/ros/jazzy/opt/gz_cmake_vendor:/home/vijayvikasm/ros2_ws/install/turtlesim_catch_them_all:/home/vijayvikasm/ros2_ws/install/my_py_pkg:/opt/ros/jazzy DEBUGINFOD_URLS=https://debuginfod.ubuntu.com LD_LIBRARY_PATH=/home/vijayvikasm/ros2_ws/install/my_robot_interfaces/lib:${LD_LIBRARY_PATH} PYTHONPATH=/home/vijayvikasm/ros2_ws/install/my_robot_interfaces/lib/python3.12/site-packages:${PYTHONPATH} /usr/bin/cmake /home/vijayvikasm/ros2_ws/src/turtlesim_project_cpp -DCMAKE_INSTALL_PREFIX=/home/vijayvikasm/ros2_ws/install/turtlesim_project_cpp
[45.294s] DEBUG:colcon.colcon_core.event_handler.log_command:Invoking command in '/home/vijayvikasm/ros2_ws/build/turtlesim_project_cpp': AMENT_PREFIX_PATH=/home/vijayvikasm/ros2_ws/install/my_robot_interfaces:${AMENT_PREFIX_PATH} CMAKE_PREFIX_PATH=/home/vijayvikasm/ros2_ws/install/my_robot_interfaces:/home/vijayvikasm/ros2_ws/install/my_cpp_pkg:/opt/ros/jazzy/opt/gz_math_vendor:/opt/ros/jazzy/opt/gz_utils_vendor:/opt/ros/jazzy/opt/gz_cmake_vendor:/home/vijayvikasm/ros2_ws/install/turtlesim_catch_them_all:/home/vijayvikasm/ros2_ws/install/my_py_pkg:/opt/ros/jazzy DEBUGINFOD_URLS=https://debuginfod.ubuntu.com LD_LIBRARY_PATH=/home/vijayvikasm/ros2_ws/install/my_robot_interfaces/lib:${LD_LIBRARY_PATH} PYTHONPATH=/home/vijayvikasm/ros2_ws/install/my_robot_interfaces/lib/python3.12/site-packages:${PYTHONPATH} /usr/bin/cmake --build /home/vijayvikasm/ros2_ws/build/turtlesim_project_cpp -- -j4 -l4
[78.632s] DEBUG:colcon.colcon_core.event_handler.log_command:Invoked command in '/home/vijayvikasm/ros2_ws/build/turtlesim_project_cpp' returned '0': AMENT_PREFIX_PATH=/home/vijayvikasm/ros2_ws/install/my_robot_interfaces:${AMENT_PREFIX_PATH} CMAKE_PREFIX_PATH=/home/vijayvikasm/ros2_ws/install/my_robot_interfaces:/home/vijayvikasm/ros2_ws/install/my_cpp_pkg:/opt/ros/jazzy/opt/gz_math_vendor:/opt/ros/jazzy/opt/gz_utils_vendor:/opt/ros/jazzy/opt/gz_cmake_vendor:/home/vijayvikasm/ros2_ws/install/turtlesim_catch_them_all:/home/vijayvikasm/ros2_ws/install/my_py_pkg:/opt/ros/jazzy DEBUGINFOD_URLS=https://debuginfod.ubuntu.com LD_LIBRARY_PATH=/home/vijayvikasm/ros2_ws/install/my_robot_interfaces/lib:${LD_LIBRARY_PATH} PYTHONPATH=/home/vijayvikasm/ros2_ws/install/my_robot_interfaces/lib/python3.12/site-packages:${PYTHONPATH} /usr/bin/cmake --build /home/vijayvikasm/ros2_ws/build/turtlesim_project_cpp -- -j4 -l4
[78.679s] DEBUG:colcon.colcon_core.event_handler.log_command:Invoking command in '/home/vijayvikasm/ros2_ws/build/turtlesim_project_cpp': AMENT_PREFIX_PATH=/home/vijayvikasm/ros2_ws/install/my_robot_interfaces:${AMENT_PREFIX_PATH} CMAKE_PREFIX_PATH=/home/vijayvikasm/ros2_ws/install/my_robot_interfaces:/home/vijayvikasm/ros2_ws/install/my_cpp_pkg:/opt/ros/jazzy/opt/gz_math_vendor:/opt/ros/jazzy/opt/gz_utils_vendor:/opt/ros/jazzy/opt/gz_cmake_vendor:/home/vijayvikasm/ros2_ws/install/turtlesim_catch_them_all:/home/vijayvikasm/ros2_ws/install/my_py_pkg:/opt/ros/jazzy DEBUGINFOD_URLS=https://debuginfod.ubuntu.com LD_LIBRARY_PATH=/home/vijayvikasm/ros2_ws/install/my_robot_interfaces/lib:${LD_LIBRARY_PATH} PYTHONPATH=/home/vijayvikasm/ros2_ws/install/my_robot_interfaces/lib/python3.12/site-packages:${PYTHONPATH} /usr/bin/cmake --install /home/vijayvikasm/ros2_ws/build/turtlesim_project_cpp
[78.722s] Level 1:colcon.colcon_core.environment:create_environment_scripts_only(turtlesim_project_cpp)
[78.723s] DEBUG:colcon.colcon_core.event_handler.log_command:Invoked command in '/home/vijayvikasm/ros2_ws/build/turtlesim_project_cpp' returned '0': AMENT_PREFIX_PATH=/home/vijayvikasm/ros2_ws/install/my_robot_interfaces:${AMENT_PREFIX_PATH} CMAKE_PREFIX_PATH=/home/vijayvikasm/ros2_ws/install/my_robot_interfaces:/home/vijayvikasm/ros2_ws/install/my_cpp_pkg:/opt/ros/jazzy/opt/gz_math_vendor:/opt/ros/jazzy/opt/gz_utils_vendor:/opt/ros/jazzy/opt/gz_cmake_vendor:/home/vijayvikasm/ros2_ws/install/turtlesim_catch_them_all:/home/vijayvikasm/ros2_ws/install/my_py_pkg:/opt/ros/jazzy DEBUGINFOD_URLS=https://debuginfod.ubuntu.com LD_LIBRARY_PATH=/home/vijayvikasm/ros2_ws/install/my_robot_interfaces/lib:${LD_LIBRARY_PATH} PYTHONPATH=/home/vijayvikasm/ros2_ws/install/my_robot_interfaces/lib/python3.12/site-packages:${PYTHONPATH} /usr/bin/cmake --install /home/vijayvikasm/ros2_ws/build/turtlesim_project_cpp
[78.723s] Level 1:colcon.colcon_core.environment:checking '/home/vijayvikasm/ros2_ws/install/turtlesim_project_cpp' for CMake module files
[78.724s] Level 1:colcon.colcon_core.environment:checking '/home/vijayvikasm/ros2_ws/install/turtlesim_project_cpp' for CMake config files
[78.725s] Level 1:colcon.colcon_core.shell:create_environment_hook('turtlesim_project_cpp', 'cmake_prefix_path')
[78.725s] INFO:colcon.colcon_core.shell:Creating environment hook '/home/vijayvikasm/ros2_ws/install/turtlesim_project_cpp/share/turtlesim_project_cpp/hook/cmake_prefix_path.ps1'
[78.726s] INFO:colcon.colcon_core.shell:Creating environment descriptor '/home/vijayvikasm/ros2_ws/install/turtlesim_project_cpp/share/turtlesim_project_cpp/hook/cmake_prefix_path.dsv'
[78.726s] INFO:colcon.colcon_core.shell:Creating environment hook '/home/vijayvikasm/ros2_ws/install/turtlesim_project_cpp/share/turtlesim_project_cpp/hook/cmake_prefix_path.sh'
[78.727s] Level 1:colcon.colcon_core.environment:checking '/home/vijayvikasm/ros2_ws/install/turtlesim_project_cpp/lib'
[78.727s] Level 1:colcon.colcon_core.environment:checking '/home/vijayvikasm/ros2_ws/install/turtlesim_project_cpp/bin'
[78.728s] Level 1:colcon.colcon_core.environment:checking '/home/vijayvikasm/ros2_ws/install/turtlesim_project_cpp/lib/pkgconfig/turtlesim_project_cpp.pc'
[78.728s] Level 1:colcon.colcon_core.environment:checking '/home/vijayvikasm/ros2_ws/install/turtlesim_project_cpp/lib/python3.12/site-packages'
[78.728s] Level 1:colcon.colcon_core.environment:checking '/home/vijayvikasm/ros2_ws/install/turtlesim_project_cpp/bin'
[78.729s] INFO:colcon.colcon_core.shell:Creating package script '/home/vijayvikasm/ros2_ws/install/turtlesim_project_cpp/share/turtlesim_project_cpp/package.ps1'
[78.730s] INFO:colcon.colcon_core.shell:Creating package descriptor '/home/vijayvikasm/ros2_ws/install/turtlesim_project_cpp/share/turtlesim_project_cpp/package.dsv'
[78.730s] INFO:colcon.colcon_core.shell:Creating package script '/home/vijayvikasm/ros2_ws/install/turtlesim_project_cpp/share/turtlesim_project_cpp/package.sh'
[78.731s] INFO:colcon.colcon_core.shell:Creating package script '/home/vijayvikasm/ros2_ws/install/turtlesim_project_cpp/share/turtlesim_project_cpp/package.bash'
[78.732s] INFO:colcon.colcon_core.shell:Creating package script '/home/vijayvikasm/ros2_ws/install/turtlesim_project_cpp/share/turtlesim_project_cpp/package.zsh'
[78.732s] Level 1:colcon.colcon_core.environment:create_file_with_runtime_dependencies(/home/vijayvikasm/ros2_ws/install/turtlesim_project_cpp/share/colcon-core/packages/turtlesim_project_cpp)
[78.779s] Level 1:colcon.colcon_core.environment:create_environment_scripts_only(turtlesim_project_cpp)
[78.779s] Level 1:colcon.colcon_core.environment:checking '/home/vijayvikasm/ros2_ws/install/turtlesim_project_cpp' for CMake module files
[78.781s] Level 1:colcon.colcon_core.environment:checking '/home/vijayvikasm/ros2_ws/install/turtlesim_project_cpp' for CMake config files
[78.782s] Level 1:colcon.colcon_core.shell:create_environment_hook('turtlesim_project_cpp', 'cmake_prefix_path')
[78.782s] INFO:colcon.colcon_core.shell:Creating environment hook '/home/vijayvikasm/ros2_ws/install/turtlesim_project_cpp/share/turtlesim_project_cpp/hook/cmake_prefix_path.ps1'
[78.783s] INFO:colcon.colcon_core.shell:Creating environment descriptor '/home/vijayvikasm/ros2_ws/install/turtlesim_project_cpp/share/turtlesim_project_cpp/hook/cmake_prefix_path.dsv'
[78.784s] INFO:colcon.colcon_core.shell:Creating environment hook '/home/vijayvikasm/ros2_ws/install/turtlesim_project_cpp/share/turtlesim_project_cpp/hook/cmake_prefix_path.sh'
[78.787s] Level 1:colcon.colcon_core.environment:checking '/home/vijayvikasm/ros2_ws/install/turtlesim_project_cpp/lib'
[78.788s] Level 1:colcon.colcon_core.environment:checking '/home/vijayvikasm/ros2_ws/install/turtlesim_project_cpp/bin'
[78.788s] Level 1:colcon.colcon_core.environment:checking '/home/vijayvikasm/ros2_ws/install/turtlesim_project_cpp/lib/pkgconfig/turtlesim_project_cpp.pc'
[78.789s] Level 1:colcon.colcon_core.environment:checking '/home/vijayvikasm/ros2_ws/install/turtlesim_project_cpp/lib/python3.12/site-packages'
[78.790s] Level 1:colcon.colcon_core.environment:checking '/home/vijayvikasm/ros2_ws/install/turtlesim_project_cpp/bin'
[78.791s] INFO:colcon.colcon_core.shell:Creating package script '/home/vijayvikasm/ros2_ws/install/turtlesim_project_cpp/share/turtlesim_project_cpp/package.ps1'
[78.792s] INFO:colcon.colcon_core.shell:Creating package descriptor '/home/vijayvikasm/ros2_ws/install/turtlesim_project_cpp/share/turtlesim_project_cpp/package.dsv'
[78.794s] INFO:colcon.colcon_core.shell:Creating package script '/home/vijayvikasm/ros2_ws/install/turtlesim_project_cpp/share/turtlesim_project_cpp/package.sh'
[78.796s] INFO:colcon.colcon_core.shell:Creating package script '/home/vijayvikasm/ros2_ws/install/turtlesim_project_cpp/share/turtlesim_project_cpp/package.bash'
[78.797s] INFO:colcon.colcon_core.shell:Creating package script '/home/vijayvikasm/ros2_ws/install/turtlesim_project_cpp/share/turtlesim_project_cpp/package.zsh'
[78.798s] Level 1:colcon.colcon_core.environment:create_file_with_runtime_dependencies(/home/vijayvikasm/ros2_ws/install/turtlesim_project_cpp/share/colcon-core/packages/turtlesim_project_cpp)
[78.800s] DEBUG:colcon.colcon_parallel_executor.executor.parallel:closing loop
[78.801s] DEBUG:colcon.colcon_parallel_executor.executor.parallel:loop closed
[78.801s] DEBUG:colcon.colcon_parallel_executor.executor.parallel:run_until_complete finished with '0'
[78.802s] DEBUG:colcon.colcon_core.event_reactor:joining thread
[78.812s] INFO:colcon.colcon_core.plugin_system:Skipping extension 'colcon_notification.desktop_notification.terminal_notifier': Not used on non-Darwin systems
[78.813s] INFO:colcon.colcon_core.plugin_system:Skipping extension 'colcon_notification.desktop_notification.win32': Not used on non-Windows systems
[78.813s] INFO:colcon.colcon_notification.desktop_notification:Sending desktop notification using 'notify2'
[78.847s] DEBUG:colcon.colcon_core.event_reactor:joined thread
[78.848s] INFO:colcon.colcon_core.shell:Creating prefix script '/home/vijayvikasm/ros2_ws/install/local_setup.ps1'
[78.850s] INFO:colcon.colcon_core.shell:Creating prefix util module '/home/vijayvikasm/ros2_ws/install/_local_setup_util_ps1.py'
[78.852s] INFO:colcon.colcon_core.shell:Creating prefix chain script '/home/vijayvikasm/ros2_ws/install/setup.ps1'
[78.854s] INFO:colcon.colcon_core.shell:Creating prefix script '/home/vijayvikasm/ros2_ws/install/local_setup.sh'
[78.856s] INFO:colcon.colcon_core.shell:Creating prefix util module '/home/vijayvikasm/ros2_ws/install/_local_setup_util_sh.py'
[78.858s] INFO:colcon.colcon_core.shell:Creating prefix chain script '/home/vijayvikasm/ros2_ws/install/setup.sh'
[78.861s] INFO:colcon.colcon_core.shell:Creating prefix script '/home/vijayvikasm/ros2_ws/install/local_setup.bash'
[78.864s] INFO:colcon.colcon_core.shell:Creating prefix chain script '/home/vijayvikasm/ros2_ws/install/setup.bash'
[78.866s] INFO:colcon.colcon_core.shell:Creating prefix script '/home/vijayvikasm/ros2_ws/install/local_setup.zsh'
[78.867s] INFO:colcon.colcon_core.shell:Creating prefix chain script '/home/vijayvikasm/ros2_ws/install/setup.zsh'
