[1.876s] Invoking command in '/home/vijayvikasm/ros2_ws/src/my_py_pkg': DEBUGINFOD_URLS=https://debuginfod.ubuntu.com PYTHONPATH=/home/vijayvikasm/ros2_ws/build/my_py_pkg/prefix_override:/usr/lib/python3/dist-packages/colcon_core/task/python/colcon_distutils_commands:/home/vijayvikasm/ros2_ws/install/my_py_pkg/lib/python3.12/site-packages:${PYTHONPATH} /usr/bin/python3 -W ignore:setup.py install is deprecated setup.py egg_info --egg-base ../../build/my_py_pkg build --build-base /home/vijayvikasm/ros2_ws/build/my_py_pkg/build install --record /home/vijayvikasm/ros2_ws/build/my_py_pkg/install.log --single-version-externally-managed install_data
[2.460s] running egg_info
[2.500s] writing ../../build/my_py_pkg/my_py_pkg.egg-info/PKG-INFO
[2.500s] writing dependency_links to ../../build/my_py_pkg/my_py_pkg.egg-info/dependency_links.txt
[2.501s] writing entry points to ../../build/my_py_pkg/my_py_pkg.egg-info/entry_points.txt
[2.501s] writing requirements to ../../build/my_py_pkg/my_py_pkg.egg-info/requires.txt
[2.502s] writing top-level names to ../../build/my_py_pkg/my_py_pkg.egg-info/top_level.txt
[2.587s] reading manifest file '../../build/my_py_pkg/my_py_pkg.egg-info/SOURCES.txt'
[2.589s] writing manifest file '../../build/my_py_pkg/my_py_pkg.egg-info/SOURCES.txt'
[2.589s] running build
[2.590s] running build_py
[2.590s] copying my_py_pkg/my_first_node.py -> /home/vijayvikasm/ros2_ws/build/my_py_pkg/build/lib/my_py_pkg
[2.591s] running install
[2.605s] running install_lib
[2.649s] copying /home/vijayvikasm/ros2_ws/build/my_py_pkg/build/lib/my_py_pkg/my_first_node.py -> /home/vijayvikasm/ros2_ws/install/my_py_pkg/lib/python3.12/site-packages/my_py_pkg
[2.651s] byte-compiling /home/vijayvikasm/ros2_ws/install/my_py_pkg/lib/python3.12/site-packages/my_py_pkg/my_first_node.py to my_first_node.cpython-312.pyc
[2.652s] running install_data
[2.652s] running install_egg_info
[2.697s] removing '/home/vijayvikasm/ros2_ws/install/my_py_pkg/lib/python3.12/site-packages/my_py_pkg-0.0.0-py3.12.egg-info' (and everything under it)
[2.698s] Copying ../../build/my_py_pkg/my_py_pkg.egg-info to /home/vijayvikasm/ros2_ws/install/my_py_pkg/lib/python3.12/site-packages/my_py_pkg-0.0.0-py3.12.egg-info
[2.700s] running install_scripts
[2.985s] Installing py_node script to /home/vijayvikasm/ros2_ws/install/my_py_pkg/lib/my_py_pkg
[2.986s] writing list of installed files to '/home/vijayvikasm/ros2_ws/build/my_py_pkg/install.log'
[3.048s] Invoked command in '/home/vijayvikasm/ros2_ws/src/my_py_pkg' returned '0': DEBUGINFOD_URLS=https://debuginfod.ubuntu.com PYTHONPATH=/home/vijayvikasm/ros2_ws/build/my_py_pkg/prefix_override:/usr/lib/python3/dist-packages/colcon_core/task/python/colcon_distutils_commands:/home/vijayvikasm/ros2_ws/install/my_py_pkg/lib/python3.12/site-packages:${PYTHONPATH} /usr/bin/python3 -W ignore:setup.py install is deprecated setup.py egg_info --egg-base ../../build/my_py_pkg build --build-base /home/vijayvikasm/ros2_ws/build/my_py_pkg/build install --record /home/vijayvikasm/ros2_ws/build/my_py_pkg/install.log --single-version-externally-managed install_data
