[1.760s] Invoking command in '/home/vijayvikasm/ros2_ws/src/my_py_pkg': DEBUGINFOD_URLS=https://debuginfod.ubuntu.com PYTHONPATH=/home/vijayvikasm/ros2_ws/build/my_py_pkg/prefix_override:/usr/lib/python3/dist-packages/colcon_core/task/python/colcon_distutils_commands:/home/vijayvikasm/ros2_ws/install/my_py_pkg/lib/python3.12/site-packages:${PYTHONPATH} /usr/bin/python3 -W ignore:setup.py install is deprecated setup.py egg_info --egg-base ../../build/my_py_pkg build --build-base /home/vijayvikasm/ros2_ws/build/my_py_pkg/build install --record /home/vijayvikasm/ros2_ws/build/my_py_pkg/install.log --single-version-externally-managed install_data
[2.352s] running egg_info
[2.394s] writing ../../build/my_py_pkg/my_py_pkg.egg-info/PKG-INFO
[2.394s] writing dependency_links to ../../build/my_py_pkg/my_py_pkg.egg-info/dependency_links.txt
[2.395s] writing entry points to ../../build/my_py_pkg/my_py_pkg.egg-info/entry_points.txt
[2.395s] writing requirements to ../../build/my_py_pkg/my_py_pkg.egg-info/requires.txt
[2.396s] writing top-level names to ../../build/my_py_pkg/my_py_pkg.egg-info/top_level.txt
[2.485s] reading manifest file '../../build/my_py_pkg/my_py_pkg.egg-info/SOURCES.txt'
[2.486s] writing manifest file '../../build/my_py_pkg/my_py_pkg.egg-info/SOURCES.txt'
[2.487s] running build
[2.487s] running build_py
[2.488s] running install
[2.500s] running install_lib
[2.549s] running install_data
[2.550s] running install_egg_info
[2.593s] removing '/home/vijayvikasm/ros2_ws/install/my_py_pkg/lib/python3.12/site-packages/my_py_pkg-0.0.0-py3.12.egg-info' (and everything under it)
[2.594s] Copying ../../build/my_py_pkg/my_py_pkg.egg-info to /home/vijayvikasm/ros2_ws/install/my_py_pkg/lib/python3.12/site-packages/my_py_pkg-0.0.0-py3.12.egg-info
[2.595s] running install_scripts
[2.886s] Installing py_node script to /home/vijayvikasm/ros2_ws/install/my_py_pkg/lib/my_py_pkg
[2.887s] writing list of installed files to '/home/vijayvikasm/ros2_ws/build/my_py_pkg/install.log'
[2.948s] Invoked command in '/home/vijayvikasm/ros2_ws/src/my_py_pkg' returned '0': DEBUGINFOD_URLS=https://debuginfod.ubuntu.com PYTHONPATH=/home/vijayvikasm/ros2_ws/build/my_py_pkg/prefix_override:/usr/lib/python3/dist-packages/colcon_core/task/python/colcon_distutils_commands:/home/vijayvikasm/ros2_ws/install/my_py_pkg/lib/python3.12/site-packages:${PYTHONPATH} /usr/bin/python3 -W ignore:setup.py install is deprecated setup.py egg_info --egg-base ../../build/my_py_pkg build --build-base /home/vijayvikasm/ros2_ws/build/my_py_pkg/build install --record /home/vijayvikasm/ros2_ws/build/my_py_pkg/install.log --single-version-externally-managed install_data
