[0.031s] Invoking command in '/home/vijayvikasm/ros2_ws/build/my_robot_bringup': AMENT_PREFIX_PATH=/home/vijayvikasm/ros2_ws/install/turtlesim_project_cpp:/home/vijayvikasm/ros2_ws/install/turtlesim_catch_them_all:/home/vijayvikasm/ros2_ws/install/my_py_pkg:/home/vijayvikasm/ros2_ws/install/my_robot_interfaces:/home/vijayvikasm/ros2_ws/install/my_cpp_pkg:/opt/ros/jazzy CMAKE_PREFIX_PATH=/home/vijayvikasm/ros2_ws/install/turtlesim_project_cpp:/home/vijayvikasm/ros2_ws/install/my_cpp_pkg:/home/vijayvikasm/ros2_ws/install/my_robot_interfaces:/opt/ros/jazzy/opt/gz_math_vendor:/opt/ros/jazzy/opt/gz_utils_vendor:/opt/ros/jazzy/opt/gz_cmake_vendor:/home/vijayvikasm/ros2_ws/install/turtlesim_catch_them_all:/home/vijayvikasm/ros2_ws/install/my_py_pkg:/opt/ros/jazzy DEBUGINFOD_URLS=https://debuginfod.ubuntu.com LD_LIBRARY_PATH=/home/vijayvikasm/ros2_ws/install/my_robot_interfaces/lib:${LD_LIBRARY_PATH} PYTHONPATH=/home/vijayvikasm/ros2_ws/build/turtlesim_catch_them_all:/home/vijayvikasm/ros2_ws/install/turtlesim_catch_them_all/lib/python3.12/site-packages:/home/vijayvikasm/ros2_ws/install/my_py_pkg/lib/python3.12/site-packages:/home/vijayvikasm/ros2_ws/install/my_robot_interfaces/lib/python3.12/site-packages:/opt/ros/jazzy/lib/python3.12/site-packages /usr/bin/cmake /home/vijayvikasm/ros2_ws/src/my_robot_bringup -DCMAKE_INSTALL_PREFIX=/home/vijayvikasm/ros2_ws/install/my_robot_bringup
[0.138s] -- The C compiler identification is GNU 13.2.0
[0.250s] -- The CXX compiler identification is GNU 13.2.0
[0.279s] -- Detecting C compiler ABI info
[0.486s] -- Detecting C compiler ABI info - done
[0.507s] -- Check for working C compiler: /usr/bin/cc - skipped
[0.508s] -- Detecting C compile features
[0.509s] -- Detecting C compile features - done
[0.524s] -- Detecting CXX compiler ABI info
[0.705s] -- Detecting CXX compiler ABI info - done
[0.726s] -- Check for working CXX compiler: /usr/bin/c++ - skipped
[0.726s] -- Detecting CXX compile features
[0.728s] -- Detecting CXX compile features - done
[0.733s] -- Found ament_cmake: 2.5.2 (/opt/ros/jazzy/share/ament_cmake/cmake)
[1.043s] -- Found Python3: /usr/bin/python3 (found version "3.12.3") found components: Interpreter 
[1.441s] -- Configuring done (1.4s)
[1.447s] -- Generating done (0.0s)
[1.449s] -- Build files have been written to: /home/vijayvikasm/ros2_ws/build/my_robot_bringup
[1.458s] Invoked command in '/home/vijayvikasm/ros2_ws/build/my_robot_bringup' returned '0': AMENT_PREFIX_PATH=/home/vijayvikasm/ros2_ws/install/turtlesim_project_cpp:/home/vijayvikasm/ros2_ws/install/turtlesim_catch_them_all:/home/vijayvikasm/ros2_ws/install/my_py_pkg:/home/vijayvikasm/ros2_ws/install/my_robot_interfaces:/home/vijayvikasm/ros2_ws/install/my_cpp_pkg:/opt/ros/jazzy CMAKE_PREFIX_PATH=/home/vijayvikasm/ros2_ws/install/turtlesim_project_cpp:/home/vijayvikasm/ros2_ws/install/my_cpp_pkg:/home/vijayvikasm/ros2_ws/install/my_robot_interfaces:/opt/ros/jazzy/opt/gz_math_vendor:/opt/ros/jazzy/opt/gz_utils_vendor:/opt/ros/jazzy/opt/gz_cmake_vendor:/home/vijayvikasm/ros2_ws/install/turtlesim_catch_them_all:/home/vijayvikasm/ros2_ws/install/my_py_pkg:/opt/ros/jazzy DEBUGINFOD_URLS=https://debuginfod.ubuntu.com LD_LIBRARY_PATH=/home/vijayvikasm/ros2_ws/install/my_robot_interfaces/lib:${LD_LIBRARY_PATH} PYTHONPATH=/home/vijayvikasm/ros2_ws/build/turtlesim_catch_them_all:/home/vijayvikasm/ros2_ws/install/turtlesim_catch_them_all/lib/python3.12/site-packages:/home/vijayvikasm/ros2_ws/install/my_py_pkg/lib/python3.12/site-packages:/home/vijayvikasm/ros2_ws/install/my_robot_interfaces/lib/python3.12/site-packages:/opt/ros/jazzy/lib/python3.12/site-packages /usr/bin/cmake /home/vijayvikasm/ros2_ws/src/my_robot_bringup -DCMAKE_INSTALL_PREFIX=/home/vijayvikasm/ros2_ws/install/my_robot_bringup
[1.461s] Invoking command in '/home/vijayvikasm/ros2_ws/build/my_robot_bringup': AMENT_PREFIX_PATH=/home/vijayvikasm/ros2_ws/install/turtlesim_project_cpp:/home/vijayvikasm/ros2_ws/install/turtlesim_catch_them_all:/home/vijayvikasm/ros2_ws/install/my_py_pkg:/home/vijayvikasm/ros2_ws/install/my_robot_interfaces:/home/vijayvikasm/ros2_ws/install/my_cpp_pkg:/opt/ros/jazzy CMAKE_PREFIX_PATH=/home/vijayvikasm/ros2_ws/install/turtlesim_project_cpp:/home/vijayvikasm/ros2_ws/install/my_cpp_pkg:/home/vijayvikasm/ros2_ws/install/my_robot_interfaces:/opt/ros/jazzy/opt/gz_math_vendor:/opt/ros/jazzy/opt/gz_utils_vendor:/opt/ros/jazzy/opt/gz_cmake_vendor:/home/vijayvikasm/ros2_ws/install/turtlesim_catch_them_all:/home/vijayvikasm/ros2_ws/install/my_py_pkg:/opt/ros/jazzy DEBUGINFOD_URLS=https://debuginfod.ubuntu.com LD_LIBRARY_PATH=/home/vijayvikasm/ros2_ws/install/my_robot_interfaces/lib:${LD_LIBRARY_PATH} PYTHONPATH=/home/vijayvikasm/ros2_ws/build/turtlesim_catch_them_all:/home/vijayvikasm/ros2_ws/install/turtlesim_catch_them_all/lib/python3.12/site-packages:/home/vijayvikasm/ros2_ws/install/my_py_pkg/lib/python3.12/site-packages:/home/vijayvikasm/ros2_ws/install/my_robot_interfaces/lib/python3.12/site-packages:/opt/ros/jazzy/lib/python3.12/site-packages /usr/bin/cmake --build /home/vijayvikasm/ros2_ws/build/my_robot_bringup -- -j4 -l4
[1.534s] Invoked command in '/home/vijayvikasm/ros2_ws/build/my_robot_bringup' returned '0': AMENT_PREFIX_PATH=/home/vijayvikasm/ros2_ws/install/turtlesim_project_cpp:/home/vijayvikasm/ros2_ws/install/turtlesim_catch_them_all:/home/vijayvikasm/ros2_ws/install/my_py_pkg:/home/vijayvikasm/ros2_ws/install/my_robot_interfaces:/home/vijayvikasm/ros2_ws/install/my_cpp_pkg:/opt/ros/jazzy CMAKE_PREFIX_PATH=/home/vijayvikasm/ros2_ws/install/turtlesim_project_cpp:/home/vijayvikasm/ros2_ws/install/my_cpp_pkg:/home/vijayvikasm/ros2_ws/install/my_robot_interfaces:/opt/ros/jazzy/opt/gz_math_vendor:/opt/ros/jazzy/opt/gz_utils_vendor:/opt/ros/jazzy/opt/gz_cmake_vendor:/home/vijayvikasm/ros2_ws/install/turtlesim_catch_them_all:/home/vijayvikasm/ros2_ws/install/my_py_pkg:/opt/ros/jazzy DEBUGINFOD_URLS=https://debuginfod.ubuntu.com LD_LIBRARY_PATH=/home/vijayvikasm/ros2_ws/install/my_robot_interfaces/lib:${LD_LIBRARY_PATH} PYTHONPATH=/home/vijayvikasm/ros2_ws/build/turtlesim_catch_them_all:/home/vijayvikasm/ros2_ws/install/turtlesim_catch_them_all/lib/python3.12/site-packages:/home/vijayvikasm/ros2_ws/install/my_py_pkg/lib/python3.12/site-packages:/home/vijayvikasm/ros2_ws/install/my_robot_interfaces/lib/python3.12/site-packages:/opt/ros/jazzy/lib/python3.12/site-packages /usr/bin/cmake --build /home/vijayvikasm/ros2_ws/build/my_robot_bringup -- -j4 -l4
[1.595s] Invoking command in '/home/vijayvikasm/ros2_ws/build/my_robot_bringup': AMENT_PREFIX_PATH=/home/vijayvikasm/ros2_ws/install/turtlesim_project_cpp:/home/vijayvikasm/ros2_ws/install/turtlesim_catch_them_all:/home/vijayvikasm/ros2_ws/install/my_py_pkg:/home/vijayvikasm/ros2_ws/install/my_robot_interfaces:/home/vijayvikasm/ros2_ws/install/my_cpp_pkg:/opt/ros/jazzy CMAKE_PREFIX_PATH=/home/vijayvikasm/ros2_ws/install/turtlesim_project_cpp:/home/vijayvikasm/ros2_ws/install/my_cpp_pkg:/home/vijayvikasm/ros2_ws/install/my_robot_interfaces:/opt/ros/jazzy/opt/gz_math_vendor:/opt/ros/jazzy/opt/gz_utils_vendor:/opt/ros/jazzy/opt/gz_cmake_vendor:/home/vijayvikasm/ros2_ws/install/turtlesim_catch_them_all:/home/vijayvikasm/ros2_ws/install/my_py_pkg:/opt/ros/jazzy DEBUGINFOD_URLS=https://debuginfod.ubuntu.com LD_LIBRARY_PATH=/home/vijayvikasm/ros2_ws/install/my_robot_interfaces/lib:${LD_LIBRARY_PATH} PYTHONPATH=/home/vijayvikasm/ros2_ws/build/turtlesim_catch_them_all:/home/vijayvikasm/ros2_ws/install/turtlesim_catch_them_all/lib/python3.12/site-packages:/home/vijayvikasm/ros2_ws/install/my_py_pkg/lib/python3.12/site-packages:/home/vijayvikasm/ros2_ws/install/my_robot_interfaces/lib/python3.12/site-packages:/opt/ros/jazzy/lib/python3.12/site-packages /usr/bin/cmake --install /home/vijayvikasm/ros2_ws/build/my_robot_bringup
[1.612s] -- Install configuration: ""
[1.612s] -- Installing: /home/vijayvikasm/ros2_ws/install/my_robot_bringup/share/my_robot_bringup/launch
[1.613s] -- Installing: /home/vijayvikasm/ros2_ws/install/my_robot_bringup/share/my_robot_bringup/launch/radio.launch.py
[1.613s] -- Installing: /home/vijayvikasm/ros2_ws/install/my_robot_bringup/share/my_robot_bringup/launch/number_app.launch.py
[1.613s] -- Installing: /home/vijayvikasm/ros2_ws/install/my_robot_bringup/share/my_robot_bringup/launch/turtlesim_catch_them_all.launch.py
[1.613s] -- Installing: /home/vijayvikasm/ros2_ws/install/my_robot_bringup/share/my_robot_bringup/launch/turtlesim_miniproject_cpp.launch.py
[1.614s] -- Installing: /home/vijayvikasm/ros2_ws/install/my_robot_bringup/share/ament_index/resource_index/package_run_dependencies/my_robot_bringup
[1.614s] -- Installing: /home/vijayvikasm/ros2_ws/install/my_robot_bringup/share/ament_index/resource_index/parent_prefix_path/my_robot_bringup
[1.615s] -- Installing: /home/vijayvikasm/ros2_ws/install/my_robot_bringup/share/my_robot_bringup/environment/ament_prefix_path.sh
[1.615s] -- Installing: /home/vijayvikasm/ros2_ws/install/my_robot_bringup/share/my_robot_bringup/environment/ament_prefix_path.dsv
[1.615s] -- Installing: /home/vijayvikasm/ros2_ws/install/my_robot_bringup/share/my_robot_bringup/environment/path.sh
[1.616s] -- Installing: /home/vijayvikasm/ros2_ws/install/my_robot_bringup/share/my_robot_bringup/environment/path.dsv
[1.616s] -- Installing: /home/vijayvikasm/ros2_ws/install/my_robot_bringup/share/my_robot_bringup/local_setup.bash
[1.617s] -- Installing: /home/vijayvikasm/ros2_ws/install/my_robot_bringup/share/my_robot_bringup/local_setup.sh
[1.617s] -- Installing: /home/vijayvikasm/ros2_ws/install/my_robot_bringup/share/my_robot_bringup/local_setup.zsh
[1.617s] -- Installing: /home/vijayvikasm/ros2_ws/install/my_robot_bringup/share/my_robot_bringup/local_setup.dsv
[1.618s] -- Installing: /home/vijayvikasm/ros2_ws/install/my_robot_bringup/share/my_robot_bringup/package.dsv
[1.618s] -- Installing: /home/vijayvikasm/ros2_ws/install/my_robot_bringup/share/ament_index/resource_index/packages/my_robot_bringup
[1.618s] -- Installing: /home/vijayvikasm/ros2_ws/install/my_robot_bringup/share/my_robot_bringup/cmake/my_robot_bringupConfig.cmake
[1.619s] -- Installing: /home/vijayvikasm/ros2_ws/install/my_robot_bringup/share/my_robot_bringup/cmake/my_robot_bringupConfig-version.cmake
[1.619s] -- Installing: /home/vijayvikasm/ros2_ws/install/my_robot_bringup/share/my_robot_bringup/package.xml
[1.623s] Invoked command in '/home/vijayvikasm/ros2_ws/build/my_robot_bringup' returned '0': AMENT_PREFIX_PATH=/home/vijayvikasm/ros2_ws/install/turtlesim_project_cpp:/home/vijayvikasm/ros2_ws/install/turtlesim_catch_them_all:/home/vijayvikasm/ros2_ws/install/my_py_pkg:/home/vijayvikasm/ros2_ws/install/my_robot_interfaces:/home/vijayvikasm/ros2_ws/install/my_cpp_pkg:/opt/ros/jazzy CMAKE_PREFIX_PATH=/home/vijayvikasm/ros2_ws/install/turtlesim_project_cpp:/home/vijayvikasm/ros2_ws/install/my_cpp_pkg:/home/vijayvikasm/ros2_ws/install/my_robot_interfaces:/opt/ros/jazzy/opt/gz_math_vendor:/opt/ros/jazzy/opt/gz_utils_vendor:/opt/ros/jazzy/opt/gz_cmake_vendor:/home/vijayvikasm/ros2_ws/install/turtlesim_catch_them_all:/home/vijayvikasm/ros2_ws/install/my_py_pkg:/opt/ros/jazzy DEBUGINFOD_URLS=https://debuginfod.ubuntu.com LD_LIBRARY_PATH=/home/vijayvikasm/ros2_ws/install/my_robot_interfaces/lib:${LD_LIBRARY_PATH} PYTHONPATH=/home/vijayvikasm/ros2_ws/build/turtlesim_catch_them_all:/home/vijayvikasm/ros2_ws/install/turtlesim_catch_them_all/lib/python3.12/site-packages:/home/vijayvikasm/ros2_ws/install/my_py_pkg/lib/python3.12/site-packages:/home/vijayvikasm/ros2_ws/install/my_robot_interfaces/lib/python3.12/site-packages:/opt/ros/jazzy/lib/python3.12/site-packages /usr/bin/cmake --install /home/vijayvikasm/ros2_ws/build/my_robot_bringup
