[2.614s] Invoking command in '/home/vijayvikasm/ros2_ws/src/my_py_pkg': DEBUGINFOD_URLS=https://debuginfod.ubuntu.com PYTHONPATH=/home/vijayvikasm/ros2_ws/build/my_py_pkg/prefix_override:/usr/lib/python3/dist-packages/colcon_core/task/python/colcon_distutils_commands:/home/vijayvikasm/ros2_ws/install/my_py_pkg/lib/python3.12/site-packages:${PYTHONPATH} /usr/bin/python3 -W ignore:setup.py install is deprecated setup.py egg_info --egg-base ../../build/my_py_pkg build --build-base /home/vijayvikasm/ros2_ws/build/my_py_pkg/build install --record /home/vijayvikasm/ros2_ws/build/my_py_pkg/install.log --single-version-externally-managed install_data
[3.467s] running egg_info
[3.536s] writing ../../build/my_py_pkg/my_py_pkg.egg-info/PKG-INFO
[3.537s] writing dependency_links to ../../build/my_py_pkg/my_py_pkg.egg-info/dependency_links.txt
[3.538s] writing entry points to ../../build/my_py_pkg/my_py_pkg.egg-info/entry_points.txt
[3.539s] writing requirements to ../../build/my_py_pkg/my_py_pkg.egg-info/requires.txt
[3.539s] writing top-level names to ../../build/my_py_pkg/my_py_pkg.egg-info/top_level.txt
[3.688s] reading manifest file '../../build/my_py_pkg/my_py_pkg.egg-info/SOURCES.txt'
[3.691s] writing manifest file '../../build/my_py_pkg/my_py_pkg.egg-info/SOURCES.txt'
[3.691s] running build
[3.692s] running build_py
[3.692s] copying my_py_pkg/my_first_node.py -> /home/vijayvikasm/ros2_ws/build/my_py_pkg/build/lib/my_py_pkg
[3.693s] running install
[3.714s] running install_lib
[3.783s] copying /home/vijayvikasm/ros2_ws/build/my_py_pkg/build/lib/my_py_pkg/my_first_node.py -> /home/vijayvikasm/ros2_ws/install/my_py_pkg/lib/python3.12/site-packages/my_py_pkg
[3.784s] byte-compiling /home/vijayvikasm/ros2_ws/install/my_py_pkg/lib/python3.12/site-packages/my_py_pkg/my_first_node.py to my_first_node.cpython-312.pyc
[3.786s] running install_data
[3.787s] running install_egg_info
[3.876s] removing '/home/vijayvikasm/ros2_ws/install/my_py_pkg/lib/python3.12/site-packages/my_py_pkg-0.0.0-py3.12.egg-info' (and everything under it)
[3.877s] Copying ../../build/my_py_pkg/my_py_pkg.egg-info to /home/vijayvikasm/ros2_ws/install/my_py_pkg/lib/python3.12/site-packages/my_py_pkg-0.0.0-py3.12.egg-info
[3.880s] running install_scripts
[4.298s] Installing py_node script to /home/vijayvikasm/ros2_ws/install/my_py_pkg/lib/my_py_pkg
[4.299s] writing list of installed files to '/home/vijayvikasm/ros2_ws/build/my_py_pkg/install.log'
[4.386s] Invoked command in '/home/vijayvikasm/ros2_ws/src/my_py_pkg' returned '0': DEBUGINFOD_URLS=https://debuginfod.ubuntu.com PYTHONPATH=/home/vijayvikasm/ros2_ws/build/my_py_pkg/prefix_override:/usr/lib/python3/dist-packages/colcon_core/task/python/colcon_distutils_commands:/home/vijayvikasm/ros2_ws/install/my_py_pkg/lib/python3.12/site-packages:${PYTHONPATH} /usr/bin/python3 -W ignore:setup.py install is deprecated setup.py egg_info --egg-base ../../build/my_py_pkg build --build-base /home/vijayvikasm/ros2_ws/build/my_py_pkg/build install --record /home/vijayvikasm/ros2_ws/build/my_py_pkg/install.log --single-version-externally-managed install_data
